<?xml version="1.0" encoding="UTF-8"?>
<testng-results skipped="0" failed="0" ignored="0" total="2" passed="2">
  <reporter-output>
  </reporter-output>
  <suite name="Command line suite" duration-ms="38722" started-at="2019-09-12T11:36:11Z" finished-at="2019-09-12T11:36:49Z">
    <groups>
    </groups>
    <test name="Command line test" duration-ms="38722" started-at="2019-09-12T11:36:11Z" finished-at="2019-09-12T11:36:49Z">
      <class name="com.crm.qa.testcases.HomePageTest">
        <test-method status="PASS" signature="setUp()[pri:0, instance:com.crm.qa.testcases.HomePageTest@5a61f5df]" name="setUp" is-config="true" duration-ms="20039" started-at="2019-09-12T17:06:11Z" finished-at="2019-09-12T17:06:31Z">
          <reporter-output>
          </reporter-output>
        </test-method> <!-- setUp -->
        <test-method status="PASS" signature="clickoncontactTest()[pri:0, instance:com.crm.qa.testcases.HomePageTest@5a61f5df]" name="clickoncontactTest" duration-ms="1822" started-at="2019-09-12T17:06:31Z" finished-at="2019-09-12T17:06:32Z">
          <reporter-output>
          </reporter-output>
        </test-method> <!-- clickoncontactTest -->
        <test-method status="PASS" signature="teardown()[pri:0, instance:com.crm.qa.testcases.HomePageTest@5a61f5df]" name="teardown" is-config="true" duration-ms="885" started-at="2019-09-12T17:06:32Z" finished-at="2019-09-12T17:06:33Z">
          <reporter-output>
          </reporter-output>
        </test-method> <!-- teardown -->
      </class> <!-- com.crm.qa.testcases.HomePageTest -->
      <class name="com.crm.qa.testcases.LoginPageTest">
        <test-method status="PASS" signature="setup()[pri:0, instance:com.crm.qa.testcases.LoginPageTest@3551a94]" name="setup" is-config="true" duration-ms="8522" started-at="2019-09-12T17:06:33Z" finished-at="2019-09-12T17:06:42Z">
          <reporter-output>
          </reporter-output>
        </test-method> <!-- setup -->
        <test-method status="PASS" signature="logintest()[pri:1, instance:com.crm.qa.testcases.LoginPageTest@3551a94]" name="logintest" duration-ms="6682" started-at="2019-09-12T17:06:42Z" finished-at="2019-09-12T17:06:48Z">
          <reporter-output>
          </reporter-output>
        </test-method> <!-- logintest -->
        <test-method status="PASS" signature="teardown()[pri:0, instance:com.crm.qa.testcases.LoginPageTest@3551a94]" name="teardown" is-config="true" duration-ms="744" started-at="2019-09-12T17:06:48Z" finished-at="2019-09-12T17:06:49Z">
          <reporter-output>
          </reporter-output>
        </test-method> <!-- teardown -->
      </class> <!-- com.crm.qa.testcases.LoginPageTest -->
    </test> <!-- Command line test -->
  </suite> <!-- Command line suite -->
</testng-results>
