<?xml version="1.0" encoding="UTF-8"?>
<testng-results skipped="0" failed="0" ignored="0" total="1" passed="1">
  <reporter-output>
  </reporter-output>
  <suite name="Default suite" duration-ms="18464" started-at="2019-10-10T10:20:34Z" finished-at="2019-10-10T10:20:53Z">
    <groups>
    </groups>
    <test name="Default test" duration-ms="18464" started-at="2019-10-10T10:20:34Z" finished-at="2019-10-10T10:20:53Z">
      <class name="com.crm.qa.testcases.LoginPageTest">
        <test-method status="PASS" signature="setup()[pri:0, instance:com.crm.qa.testcases.LoginPageTest@77cd7a0]" name="setup" is-config="true" duration-ms="10802" started-at="2019-10-10T15:50:34Z" finished-at="2019-10-10T15:50:45Z">
          <reporter-output>
          </reporter-output>
        </test-method> <!-- setup -->
        <test-method status="PASS" signature="logintest()[pri:1, instance:com.crm.qa.testcases.LoginPageTest@77cd7a0]" name="logintest" duration-ms="6824" started-at="2019-10-10T15:50:45Z" finished-at="2019-10-10T15:50:52Z">
          <reporter-output>
          </reporter-output>
        </test-method> <!-- logintest -->
        <test-method status="PASS" signature="teardown()[pri:0, instance:com.crm.qa.testcases.LoginPageTest@77cd7a0]" name="teardown" is-config="true" duration-ms="798" started-at="2019-10-10T15:50:52Z" finished-at="2019-10-10T15:50:53Z">
          <reporter-output>
          </reporter-output>
        </test-method> <!-- teardown -->
      </class> <!-- com.crm.qa.testcases.LoginPageTest -->
    </test> <!-- Default test -->
  </suite> <!-- Default suite -->
</testng-results>
